<?xml version="1.0" encoding="utf-8"?><testsuites name="pytest tests"><testsuite name="pytest" errors="0" failures="0" skipped="0" tests="16" time="1.544" timestamp="2026-04-25T13:33:45.223906+00:00" hostname="agent-env-f33b7b13-756d-403e-9326-5d0486a739ac"><testcase classname="backend.tests.test_scoring_api.TestSchema" name="test_schema_has_8_categories" time="0.324" /><testcase classname="backend.tests.test_scoring_api.TestSchema" name="test_total_subfactors" time="0.049" /><testcase classname="backend.tests.test_scoring_api.TestEvaluations" name="test_create_tier1_full" time="0.058" /><testcase classname="backend.tests.test_scoring_api.TestEvaluations" name="test_get_evaluation" time="0.068" /><testcase classname="backend.tests.test_scoring_api.TestEvaluations" name="test_create_tier2" time="0.048" /><testcase classname="backend.tests.test_scoring_api.TestEvaluations" name="test_create_tier3_low" time="0.048" /><testcase classname="backend.tests.test_scoring_api.TestEvaluations" name="test_override_availability_weak" time="0.055" /><testcase classname="backend.tests.test_scoring_api.TestEvaluations" name="test_override_owner_weak" time="0.050" /><testcase classname="backend.tests.test_scoring_api.TestEvaluations" name="test_list_evaluations" time="0.047" /><testcase classname="backend.tests.test_scoring_api.TestEvaluations" name="test_filter_by_tier" time="0.050" /><testcase classname="backend.tests.test_scoring_api.TestEvaluations" name="test_search_query" time="0.053" /><testcase classname="backend.tests.test_scoring_api.TestEvaluations" name="test_update_evaluation" time="0.100" /><testcase classname="backend.tests.test_scoring_api.TestEvaluations" name="test_create_validation_missing" time="0.048" /><testcase classname="backend.tests.test_scoring_api.TestEvaluations" name="test_get_404" time="0.053" /><testcase classname="backend.tests.test_scoring_api.TestEvaluations" name="test_stats" time="0.066" /><testcase classname="backend.tests.test_scoring_api.TestEvaluations" name="test_delete_evaluation" time="0.285" /></testsuite></testsuites>